[Fri, 17 May 2013 14:55:55 +0100] Sorry, but the SELECT query failed. [1064] You have an error in your SQL syntax.  Check the manual that corresponds to your MySQL server version for the right syntax to use near '.records where serviceid = 'ashford' AND servicesub = 'revben' 
[Fri, 17 May 2013 14:55:55 +0100] Sorry, but the SELECT query failed. [1064] You have an error in your SQL syntax.  Check the manual that corresponds to your MySQL server version for the right syntax to use near '.records where serviceid = 'ashford' AND servicesub = 'environm
[Fri, 17 May 2013 14:55:55 +0100] Sorry, but the SELECT query failed. [1064] You have an error in your SQL syntax.  Check the manual that corresponds to your MySQL server version for the right syntax to use near '.records where serviceid = 'bristol' AND servicesub = 'revben' 
[Fri, 17 May 2013 14:55:55 +0100] Sorry, but the SELECT query failed. [1064] You have an error in your SQL syntax.  Check the manual that corresponds to your MySQL server version for the right syntax to use near '.records where serviceid = 'cao' AND servicesub = 'main' AND ex
[Fri, 17 May 2013 14:55:55 +0100] Sorry, but the SELECT query failed. [1064] You have an error in your SQL syntax.  Check the manual that corresponds to your MySQL server version for the right syntax to use near '.records where serviceid = 'contact' AND servicesub = 'inform' 
[Fri, 17 May 2013 14:55:55 +0100] Sorry, but the SELECT query failed. [1064] You have an error in your SQL syntax.  Check the manual that corresponds to your MySQL server version for the right syntax to use near '.records where serviceid = 'eastherts' AND servicesub = 'parkin
[Fri, 17 May 2013 14:55:55 +0100] Sorry, but the SELECT query failed. [1064] You have an error in your SQL syntax.  Check the manual that corresponds to your MySQL server version for the right syntax to use near '.records where serviceid = 'eastlothian' AND servicesub = 'main
[Fri, 17 May 2013 14:55:55 +0100] Sorry, but the SELECT query failed. [1064] You have an error in your SQL syntax.  Check the manual that corresponds to your MySQL server version for the right syntax to use near '.records where serviceid = 'edinburgh' AND servicesub = 'revben
[Fri, 17 May 2013 14:55:55 +0100] Sorry, but the SELECT query failed. [1064] You have an error in your SQL syntax.  Check the manual that corresponds to your MySQL server version for the right syntax to use near '.records where serviceid = 'enfield' AND servicesub = 'revben' 
[Fri, 17 May 2013 14:55:55 +0100] Sorry, but the SELECT query failed. [1064] You have an error in your SQL syntax.  Check the manual that corresponds to your MySQL server version for the right syntax to use near '.records where serviceid = 'fife' AND servicesub = 'revben' AND
[Fri, 17 May 2013 14:55:55 +0100] Sorry, but the SELECT query failed. [1064] You have an error in your SQL syntax.  Check the manual that corresponds to your MySQL server version for the right syntax to use near '.records where serviceid = 'gateshead' AND servicesub = 'revben
[Fri, 17 May 2013 14:55:55 +0100] Sorry, but the SELECT query failed. [1064] You have an error in your SQL syntax.  Check the manual that corresponds to your MySQL server version for the right syntax to use near '.records where serviceid = 'guildford' AND servicesub = 'revben
[Fri, 17 May 2013 14:55:55 +0100] Sorry, but the SELECT query failed. [1064] You have an error in your SQL syntax.  Check the manual that corresponds to your MySQL server version for the right syntax to use near '.records where serviceid = 'haringey' AND servicesub = 'revben'
[Fri, 17 May 2013 14:55:55 +0100] Sorry, but the SELECT query failed. [1064] You have an error in your SQL syntax.  Check the manual that corresponds to your MySQL server version for the right syntax to use near '.records where serviceid = 'hartlepool' AND servicesub = 'revbe
[Fri, 17 May 2013 14:55:55 +0100] Sorry, but the SELECT query failed. [1064] You have an error in your SQL syntax.  Check the manual that corresponds to your MySQL server version for the right syntax to use near '.records where serviceid = 'highpeak' AND servicesub = 'revben'
[Fri, 17 May 2013 14:55:55 +0100] Sorry, but the SELECT query failed. [1064] You have an error in your SQL syntax.  Check the manual that corresponds to your MySQL server version for the right syntax to use near '.records where serviceid = 'info' AND servicesub = 'selfservice
[Fri, 17 May 2013 14:55:55 +0100] Sorry, but the SELECT query failed. [1064] You have an error in your SQL syntax.  Check the manual that corresponds to your MySQL server version for the right syntax to use near '.records where serviceid = 'info' AND servicesub = 'election' A
[Fri, 17 May 2013 14:55:55 +0100] Sorry, but the SELECT query failed. [1064] You have an error in your SQL syntax.  Check the manual that corresponds to your MySQL server version for the right syntax to use near '.records where serviceid = 'luton' AND servicesub = 'revben' AN
[Fri, 17 May 2013 14:55:55 +0100] Sorry, but the SELECT query failed. [1064] You have an error in your SQL syntax.  Check the manual that corresponds to your MySQL server version for the right syntax to use near '.records where serviceid = 'medway' AND servicesub = 'revben' A
[Fri, 17 May 2013 14:55:55 +0100] Sorry, but the SELECT query failed. [1064] You have an error in your SQL syntax.  Check the manual that corresponds to your MySQL server version for the right syntax to use near '.records where serviceid = 'medway' AND servicesub = 'revbenold
[Fri, 17 May 2013 14:55:55 +0100] Sorry, but the SELECT query failed. [1064] You have an error in your SQL syntax.  Check the manual that corresponds to your MySQL server version for the right syntax to use near '.records where serviceid = 'medway' AND servicesub = 'benefitre
[Fri, 17 May 2013 14:55:55 +0100] Sorry, but the SELECT query failed. [1064] You have an error in your SQL syntax.  Check the manual that corresponds to your MySQL server version for the right syntax to use near '.records where serviceid = 'newark' AND servicesub = 'revben' A
[Fri, 17 May 2013 14:55:55 +0100] Sorry, but the SELECT query failed. [1064] You have an error in your SQL syntax.  Check the manual that corresponds to your MySQL server version for the right syntax to use near '.records where serviceid = 'sandwell' AND servicesub = 'benefit
[Fri, 17 May 2013 14:55:55 +0100] Sorry, but the SELECT query failed. [1064] You have an error in your SQL syntax.  Check the manual that corresponds to your MySQL server version for the right syntax to use near '.records where serviceid = 'sandwell' AND servicesub = 'ctax' A
[Fri, 17 May 2013 14:55:55 +0100] Sorry, but the SELECT query failed. [1064] You have an error in your SQL syntax.  Check the manual that corresponds to your MySQL server version for the right syntax to use near '.records where serviceid = 'sandwell' AND servicesub = 'nndr' A
[Fri, 17 May 2013 14:55:55 +0100] Sorry, but the SELECT query failed. [1064] You have an error in your SQL syntax.  Check the manual that corresponds to your MySQL server version for the right syntax to use near '.records where serviceid = 'sandwell' AND servicesub = 'info' A
[Fri, 17 May 2013 14:55:55 +0100] Sorry, but the SELECT query failed. [1064] You have an error in your SQL syntax.  Check the manual that corresponds to your MySQL server version for the right syntax to use near '.records where serviceid = 'scarborough' AND servicesub = 'revb
[Fri, 17 May 2013 14:55:55 +0100] Sorry, but the SELECT query failed. [1064] You have an error in your SQL syntax.  Check the manual that corresponds to your MySQL server version for the right syntax to use near '.records where serviceid = 'service' AND servicesub = 'subservi
[Fri, 17 May 2013 14:55:55 +0100] Sorry, but the SELECT query failed. [1064] You have an error in your SQL syntax.  Check the manual that corresponds to your MySQL server version for the right syntax to use near '.records where serviceid = 'southhams' AND servicesub = 'revben
[Fri, 17 May 2013 14:55:55 +0100] Sorry, but the SELECT query failed. [1064] You have an error in your SQL syntax.  Check the manual that corresponds to your MySQL server version for the right syntax to use near '.records where serviceid = 'spelthorne' AND servicesub = 'revbe
[Fri, 17 May 2013 14:55:55 +0100] Sorry, but the SELECT query failed. [1064] You have an error in your SQL syntax.  Check the manual that corresponds to your MySQL server version for the right syntax to use near '.records where serviceid = 'staffs' AND servicesub = 'revben' A
[Fri, 17 May 2013 14:55:55 +0100] Sorry, but the SELECT query failed. [1064] You have an error in your SQL syntax.  Check the manual that corresponds to your MySQL server version for the right syntax to use near '.records where serviceid = 'surreyheath' AND servicesub = 'main
[Fri, 17 May 2013 14:55:55 +0100] Sorry, but the SELECT query failed. [1064] You have an error in your SQL syntax.  Check the manual that corresponds to your MySQL server version for the right syntax to use near '.records where serviceid = 'sutton' AND servicesub = 'revben' A
[Fri, 17 May 2013 14:55:55 +0100] Sorry, but the SELECT query failed. [1064] You have an error in your SQL syntax.  Check the manual that corresponds to your MySQL server version for the right syntax to use near '.records where serviceid = 'tandridge' AND servicesub = 'refuse
[Fri, 17 May 2013 14:55:55 +0100] Sorry, but the SELECT query failed. [1064] You have an error in your SQL syntax.  Check the manual that corresponds to your MySQL server version for the right syntax to use near '.records where serviceid = 'torfaen' AND servicesub = 'environm
[Fri, 17 May 2013 14:55:55 +0100] Sorry, but the SELECT query failed. [1064] You have an error in your SQL syntax.  Check the manual that corresponds to your MySQL server version for the right syntax to use near '.records where serviceid = 'torfaen' AND servicesub = 'revben' 
[Fri, 17 May 2013 14:55:55 +0100] Sorry, but the SELECT query failed. [1064] You have an error in your SQL syntax.  Check the manual that corresponds to your MySQL server version for the right syntax to use near '.records where serviceid = 'westdevon' AND servicesub = 'revben
[Mon, 03 Feb 2014 14:28:52 +0000] db_do(): Unknown SQL action 'SELECT
SERVICEID,'
[Mon, 03 Feb 2014 14:29:40 +0000] Sorry, but the SELECT query failed. [1064] You have an error in your SQL syntax.  Check the manual that corresponds to your MySQL server version for the right syntax to use near ') and loadpartial) as odispart,
sum(if(loadagent!='odis') and l
[Mon, 03 Feb 2014 14:30:18 +0000] Sorry, but the SELECT query failed. [1064] You have an error in your SQL syntax.  Check the manual that corresponds to your MySQL server version for the right syntax to use near 'where exporttime BETWEEN '2014-01-01 00:00:00' AND '2014-01-05 
[Mon, 03 Feb 2014 14:30:37 +0000] Sorry, but the SELECT query failed. [1064] You have an error in your SQL syntax.  Check the manual that corresponds to your MySQL server version for the right syntax to use near 'where exporttime BETWEEN '2014-01-01 00:00:00' AND '2014-01-05 
[Mon, 03 Feb 2014 14:32:06 +0000] Sorry, but the SELECT query failed. [1064] You have an error in your SQL syntax.  Check the manual that corresponds to your MySQL server version for the right syntax to use near 'where exporttime BETWEEN '2014-01-01 00:00:00' AND '2014-01-05 
[Mon, 03 Feb 2014 14:34:46 +0000] Sorry, but the SELECT query failed. [1064] You have an error in your SQL syntax.  Check the manual that corresponds to your MySQL server version for the right syntax to use near 'where exporttime BETWEEN '2014-01-01 00:00:00' AND '2014-01-05 
[Mon, 03 Feb 2014 14:38:18 +0000] Sorry, but the SELECT query failed. [1146] Table 'system.records' doesn't exist
[Mon, 03 Feb 2014 14:45:45 +0000] Sorry, but the SELECT query failed. [1064] You have an error in your SQL syntax.  Check the manual that corresponds to your MySQL server version for the right syntax to use near 'sum(if(loadagent='odis' and loadpartial,1,0)) as sumodispart,
s
[Tue, 09 Sep 2014 14:35:52 +0100] Sorry, but the SELECT query failed.
[Tue, 09 Sep 2014 14:36:17 +0100] Sorry, but the SELECT query failed.
[Tue, 09 Sep 2014 14:36:34 +0100] Sorry, but the SELECT query failed.
[Tue, 09 Sep 2014 14:37:09 +0100] Sorry, but the SELECT query failed. [1146] Table 'loader07.records' doesn't exist
[Tue, 09 Sep 2014 15:04:40 +0100] Sorry, but the SELECT query failed. [1111] Invalid use of group function
[Tue, 09 Sep 2014 15:09:14 +0100] Sorry, but the SELECT query failed. [1064] You have an error in your SQL syntax; check the manual that corresponds to your MySQL server version for the right syntax to use near 'sum(if(source='o', tally-loadempty,0)) as sumodisfull,
sum(if(source='o', loadpa' at line 4
